[93m[WARN 16:44:06.234256][0m [Preferences:192] '/usr/share/plank/themes/Transparent/dock.theme' is read-only!
[93m[WARN 16:44:06.234342][0m [Preferences:378] Missing key 'OuterStrokeColor' for group 'PlankTheme' in preferences file '/usr/share/plank/themes/Transparent/dock.theme' - using default value
[93m[WARN 16:44:06.234358][0m [Preferences:378] Missing key 'FillStartColor' for group 'PlankTheme' in preferences file '/usr/share/plank/themes/Transparent/dock.theme' - using default value
[93m[WARN 16:44:06.234371][0m [Preferences:378] Missing key 'FillEndColor' for group 'PlankTheme' in preferences file '/usr/share/plank/themes/Transparent/dock.theme' - using default value
[93m[WARN 16:44:06.234384][0m [Preferences:378] Missing key 'InnerStrokeColor' for group 'PlankTheme' in preferences file '/usr/share/plank/themes/Transparent/dock.theme' - using default value
[93m[WARN 16:44:06.234397][0m [Preferences:378] Missing key 'HorizPadding' for group 'PlankDockTheme' in preferences file '/usr/share/plank/themes/Transparent/dock.theme' - using default value
[93m[WARN 16:44:06.234420][0m [Preferences:378] Missing key 'ItemPadding' for group 'PlankDockTheme' in preferences file '/usr/share/plank/themes/Transparent/dock.theme' - using default value
[93m[WARN 16:44:06.234433][0m [Preferences:378] Missing key 'IndicatorSize' for group 'PlankDockTheme' in preferences file '/usr/share/plank/themes/Transparent/dock.theme' - using default value
[93m[WARN 16:44:06.234446][0m [Preferences:378] Missing key 'IconShadowSize' for group 'PlankDockTheme' in preferences file '/usr/share/plank/themes/Transparent/dock.theme' - using default value
[93m[WARN 16:44:06.234459][0m [Preferences:378] Missing key 'UrgentBounceHeight' for group 'PlankDockTheme' in preferences file '/usr/share/plank/themes/Transparent/dock.theme' - using default value
[93m[WARN 16:44:06.234472][0m [Preferences:378] Missing key 'LaunchBounceHeight' for group 'PlankDockTheme' in preferences file '/usr/share/plank/themes/Transparent/dock.theme' - using default value
[93m[WARN 16:44:06.234484][0m [Preferences:378] Missing key 'FadeOpacity' for group 'PlankDockTheme' in preferences file '/usr/share/plank/themes/Transparent/dock.theme' - using default value
[93m[WARN 16:44:06.234497][0m [Preferences:378] Missing key 'ClickTime' for group 'PlankDockTheme' in preferences file '/usr/share/plank/themes/Transparent/dock.theme' - using default value
[93m[WARN 16:44:06.234509][0m [Preferences:378] Missing key 'UrgentBounceTime' for group 'PlankDockTheme' in preferences file '/usr/share/plank/themes/Transparent/dock.theme' - using default value
[93m[WARN 16:44:06.234522][0m [Preferences:378] Missing key 'LaunchBounceTime' for group 'PlankDockTheme' in preferences file '/usr/share/plank/themes/Transparent/dock.theme' - using default value
[93m[WARN 16:44:06.234534][0m [Preferences:378] Missing key 'ActiveTime' for group 'PlankDockTheme' in preferences file '/usr/share/plank/themes/Transparent/dock.theme' - using default value
[93m[WARN 16:44:06.234547][0m [Preferences:378] Missing key 'SlideTime' for group 'PlankDockTheme' in preferences file '/usr/share/plank/themes/Transparent/dock.theme' - using default value
[93m[WARN 16:44:06.234559][0m [Preferences:378] Missing key 'FadeTime' for group 'PlankDockTheme' in preferences file '/usr/share/plank/themes/Transparent/dock.theme' - using default value
[93m[WARN 16:44:06.234572][0m [Preferences:378] Missing key 'HideTime' for group 'PlankDockTheme' in preferences file '/usr/share/plank/themes/Transparent/dock.theme' - using default value
[93m[WARN 16:44:06.234584][0m [Preferences:378] Missing key 'GlowSize' for group 'PlankDockTheme' in preferences file '/usr/share/plank/themes/Transparent/dock.theme' - using default value
[93m[WARN 16:44:06.234597][0m [Preferences:378] Missing key 'GlowTime' for group 'PlankDockTheme' in preferences file '/usr/share/plank/themes/Transparent/dock.theme' - using default value
[93m[WARN 16:44:06.234609][0m [Preferences:378] Missing key 'GlowPulseTime' for group 'PlankDockTheme' in preferences file '/usr/share/plank/themes/Transparent/dock.theme' - using default value
[93m[WARN 16:44:06.234645][0m [Preferences:378] Missing key 'UrgentHueShift' for group 'PlankDockTheme' in preferences file '/usr/share/plank/themes/Transparent/dock.theme' - using default value
[93m[WARN 16:44:06.234658][0m [Preferences:378] Missing key 'ItemMoveTime' for group 'PlankDockTheme' in preferences file '/usr/share/plank/themes/Transparent/dock.theme' - using default value
[93m[WARN 16:44:06.234671][0m [Preferences:378] Missing key 'CascadeHide' for group 'PlankDockTheme' in preferences file '/usr/share/plank/themes/Transparent/dock.theme' - using default value
[93m[WARN 16:44:06.234684][0m [Preferences:378] Missing key 'BadgeColor' for group 'PlankDockTheme' in preferences file '/usr/share/plank/themes/Transparent/dock.theme' - using default value
[91m[CRITICAL 16:44:35.691960][0m [DockWindow:298] Retry #1 update_size_and_position() to force requested values!
[91m[CRITICAL 16:44:39.563146][0m [DockWindow:298] Retry #1 update_size_and_position() to force requested values!
[93m[WARN 16:44:54.204715][0m [AbstractMain:42] Caught signal (15), exiting
[93m[WARN 16:44:57.914966][0m [Preferences:192] '/usr/share/plank/themes/Transparent/dock.theme' is read-only!
[93m[WARN 16:44:57.915049][0m [Preferences:378] Missing key 'OuterStrokeColor' for group 'PlankTheme' in preferences file '/usr/share/plank/themes/Transparent/dock.theme' - using default value
[93m[WARN 16:44:57.915063][0m [Preferences:378] Missing key 'FillStartColor' for group 'PlankTheme' in preferences file '/usr/share/plank/themes/Transparent/dock.theme' - using default value
[93m[WARN 16:44:57.915076][0m [Preferences:378] Missing key 'FillEndColor' for group 'PlankTheme' in preferences file '/usr/share/plank/themes/Transparent/dock.theme' - using default value
[93m[WARN 16:44:57.915089][0m [Preferences:378] Missing key 'InnerStrokeColor' for group 'PlankTheme' in preferences file '/usr/share/plank/themes/Transparent/dock.theme' - using default value
[93m[WARN 16:44:57.915101][0m [Preferences:378] Missing key 'HorizPadding' for group 'PlankDockTheme' in preferences file '/usr/share/plank/themes/Transparent/dock.theme' - using default value
[93m[WARN 16:44:57.915123][0m [Preferences:378] Missing key 'ItemPadding' for group 'PlankDockTheme' in preferences file '/usr/share/plank/themes/Transparent/dock.theme' - using default value
[93m[WARN 16:44:57.915136][0m [Preferences:378] Missing key 'IndicatorSize' for group 'PlankDockTheme' in preferences file '/usr/share/plank/themes/Transparent/dock.theme' - using default value
[93m[WARN 16:44:57.915149][0m [Preferences:378] Missing key 'IconShadowSize' for group 'PlankDockTheme' in preferences file '/usr/share/plank/themes/Transparent/dock.theme' - using default value
[93m[WARN 16:44:57.915161][0m [Preferences:378] Missing key 'UrgentBounceHeight' for group 'PlankDockTheme' in preferences file '/usr/share/plank/themes/Transparent/dock.theme' - using default value
[93m[WARN 16:44:57.915173][0m [Preferences:378] Missing key 'LaunchBounceHeight' for group 'PlankDockTheme' in preferences file '/usr/share/plank/themes/Transparent/dock.theme' - using default value
[93m[WARN 16:44:57.915186][0m [Preferences:378] Missing key 'FadeOpacity' for group 'PlankDockTheme' in preferences file '/usr/share/plank/themes/Transparent/dock.theme' - using default value
[93m[WARN 16:44:57.915198][0m [Preferences:378] Missing key 'ClickTime' for group 'PlankDockTheme' in preferences file '/usr/share/plank/themes/Transparent/dock.theme' - using default value
[93m[WARN 16:44:57.915210][0m [Preferences:378] Missing key 'UrgentBounceTime' for group 'PlankDockTheme' in preferences file '/usr/share/plank/themes/Transparent/dock.theme' - using default value
[93m[WARN 16:44:57.915223][0m [Preferences:378] Missing key 'LaunchBounceTime' for group 'PlankDockTheme' in preferences file '/usr/share/plank/themes/Transparent/dock.theme' - using default value
[93m[WARN 16:44:57.915235][0m [Preferences:378] Missing key 'ActiveTime' for group 'PlankDockTheme' in preferences file '/usr/share/plank/themes/Transparent/dock.theme' - using default value
[93m[WARN 16:44:57.915247][0m [Preferences:378] Missing key 'SlideTime' for group 'PlankDockTheme' in preferences file '/usr/share/plank/themes/Transparent/dock.theme' - using default value
[93m[WARN 16:44:57.915259][0m [Preferences:378] Missing key 'FadeTime' for group 'PlankDockTheme' in preferences file '/usr/share/plank/themes/Transparent/dock.theme' - using default value
[93m[WARN 16:44:57.915271][0m [Preferences:378] Missing key 'HideTime' for group 'PlankDockTheme' in preferences file '/usr/share/plank/themes/Transparent/dock.theme' - using default value
[93m[WARN 16:44:57.915283][0m [Preferences:378] Missing key 'GlowSize' for group 'PlankDockTheme' in preferences file '/usr/share/plank/themes/Transparent/dock.theme' - using default value
[93m[WARN 16:44:57.915295][0m [Preferences:378] Missing key 'GlowTime' for group 'PlankDockTheme' in preferences file '/usr/share/plank/themes/Transparent/dock.theme' - using default value
[93m[WARN 16:44:57.915307][0m [Preferences:378] Missing key 'GlowPulseTime' for group 'PlankDockTheme' in preferences file '/usr/share/plank/themes/Transparent/dock.theme' - using default value
[93m[WARN 16:44:57.915340][0m [Preferences:378] Missing key 'UrgentHueShift' for group 'PlankDockTheme' in preferences file '/usr/share/plank/themes/Transparent/dock.theme' - using default value
[93m[WARN 16:44:57.915352][0m [Preferences:378] Missing key 'ItemMoveTime' for group 'PlankDockTheme' in preferences file '/usr/share/plank/themes/Transparent/dock.theme' - using default value
[93m[WARN 16:44:57.915364][0m [Preferences:378] Missing key 'CascadeHide' for group 'PlankDockTheme' in preferences file '/usr/share/plank/themes/Transparent/dock.theme' - using default value
[93m[WARN 16:44:57.915376][0m [Preferences:378] Missing key 'BadgeColor' for group 'PlankDockTheme' in preferences file '/usr/share/plank/themes/Transparent/dock.theme' - using default value
[91m[CRITICAL 16:46:23.646555][0m [DockWindow:298] Retry #1 update_size_and_position() to force requested values!
[91m[CRITICAL 16:46:26.714341][0m [DockWindow:298] Retry #1 update_size_and_position() to force requested values!
[91m[CRITICAL 16:46:29.056121][0m [DockWindow:298] Retry #1 update_size_and_position() to force requested values!
[91m[CRITICAL 16:47:16.078217][0m [DockWindow:298] Retry #1 update_size_and_position() to force requested values!
[93m[WARN 16:47:19.491272][0m [AbstractMain:42] Caught signal (15), exiting
[93m[WARN 16:47:26.580044][0m [Preferences:192] '/usr/share/plank/themes/Transparent/dock.theme' is read-only!
[93m[WARN 16:47:26.580123][0m [Preferences:378] Missing key 'OuterStrokeColor' for group 'PlankTheme' in preferences file '/usr/share/plank/themes/Transparent/dock.theme' - using default value
[93m[WARN 16:47:26.580138][0m [Preferences:378] Missing key 'FillStartColor' for group 'PlankTheme' in preferences file '/usr/share/plank/themes/Transparent/dock.theme' - using default value
[93m[WARN 16:47:26.580151][0m [Preferences:378] Missing key 'FillEndColor' for group 'PlankTheme' in preferences file '/usr/share/plank/themes/Transparent/dock.theme' - using default value
[93m[WARN 16:47:26.580163][0m [Preferences:378] Missing key 'InnerStrokeColor' for group 'PlankTheme' in preferences file '/usr/share/plank/themes/Transparent/dock.theme' - using default value
[93m[WARN 16:47:26.580176][0m [Preferences:378] Missing key 'HorizPadding' for group 'PlankDockTheme' in preferences file '/usr/share/plank/themes/Transparent/dock.theme' - using default value
[93m[WARN 16:47:26.580197][0m [Preferences:378] Missing key 'ItemPadding' for group 'PlankDockTheme' in preferences file '/usr/share/plank/themes/Transparent/dock.theme' - using default value
[93m[WARN 16:47:26.580210][0m [Preferences:378] Missing key 'IndicatorSize' for group 'PlankDockTheme' in preferences file '/usr/share/plank/themes/Transparent/dock.theme' - using default value
[93m[WARN 16:47:26.580223][0m [Preferences:378] Missing key 'IconShadowSize' for group 'PlankDockTheme' in preferences file '/usr/share/plank/themes/Transparent/dock.theme' - using default value
[93m[WARN 16:47:26.580235][0m [Preferences:378] Missing key 'UrgentBounceHeight' for group 'PlankDockTheme' in preferences file '/usr/share/plank/themes/Transparent/dock.theme' - using default value
[93m[WARN 16:47:26.580248][0m [Preferences:378] Missing key 'LaunchBounceHeight' for group 'PlankDockTheme' in preferences file '/usr/share/plank/themes/Transparent/dock.theme' - using default value
[93m[WARN 16:47:26.580260][0m [Preferences:378] Missing key 'FadeOpacity' for group 'PlankDockTheme' in preferences file '/usr/share/plank/themes/Transparent/dock.theme' - using default value
[93m[WARN 16:47:26.580272][0m [Preferences:378] Missing key 'ClickTime' for group 'PlankDockTheme' in preferences file '/usr/share/plank/themes/Transparent/dock.theme' - using default value
[93m[WARN 16:47:26.580284][0m [Preferences:378] Missing key 'UrgentBounceTime' for group 'PlankDockTheme' in preferences file '/usr/share/plank/themes/Transparent/dock.theme' - using default value
[93m[WARN 16:47:26.580297][0m [Preferences:378] Missing key 'LaunchBounceTime' for group 'PlankDockTheme' in preferences file '/usr/share/plank/themes/Transparent/dock.theme' - using default value
[93m[WARN 16:47:26.580309][0m [Preferences:378] Missing key 'ActiveTime' for group 'PlankDockTheme' in preferences file '/usr/share/plank/themes/Transparent/dock.theme' - using default value
[93m[WARN 16:47:26.580321][0m [Preferences:378] Missing key 'SlideTime' for group 'PlankDockTheme' in preferences file '/usr/share/plank/themes/Transparent/dock.theme' - using default value
[93m[WARN 16:47:26.580333][0m [Preferences:378] Missing key 'FadeTime' for group 'PlankDockTheme' in preferences file '/usr/share/plank/themes/Transparent/dock.theme' - using default value
[93m[WARN 16:47:26.580345][0m [Preferences:378] Missing key 'HideTime' for group 'PlankDockTheme' in preferences file '/usr/share/plank/themes/Transparent/dock.theme' - using default value
[93m[WARN 16:47:26.580357][0m [Preferences:378] Missing key 'GlowSize' for group 'PlankDockTheme' in preferences file '/usr/share/plank/themes/Transparent/dock.theme' - using default value
[93m[WARN 16:47:26.580369][0m [Preferences:378] Missing key 'GlowTime' for group 'PlankDockTheme' in preferences file '/usr/share/plank/themes/Transparent/dock.theme' - using default value
[93m[WARN 16:47:26.580381][0m [Preferences:378] Missing key 'GlowPulseTime' for group 'PlankDockTheme' in preferences file '/usr/share/plank/themes/Transparent/dock.theme' - using default value
[93m[WARN 16:47:26.580416][0m [Preferences:378] Missing key 'UrgentHueShift' for group 'PlankDockTheme' in preferences file '/usr/share/plank/themes/Transparent/dock.theme' - using default value
[93m[WARN 16:47:26.580429][0m [Preferences:378] Missing key 'ItemMoveTime' for group 'PlankDockTheme' in preferences file '/usr/share/plank/themes/Transparent/dock.theme' - using default value
[93m[WARN 16:47:26.580441][0m [Preferences:378] Missing key 'CascadeHide' for group 'PlankDockTheme' in preferences file '/usr/share/plank/themes/Transparent/dock.theme' - using default value
[93m[WARN 16:47:26.580453][0m [Preferences:378] Missing key 'BadgeColor' for group 'PlankDockTheme' in preferences file '/usr/share/plank/themes/Transparent/dock.theme' - using default value
[93m[WARN 16:47:31.224495][0m [AbstractMain:42] Caught signal (15), exiting
[93m[WARN 17:02:19.950602][0m [Preferences:192] '/usr/share/plank/themes/Transparent/dock.theme' is read-only!
[93m[WARN 17:02:19.950685][0m [Preferences:378] Missing key 'OuterStrokeColor' for group 'PlankTheme' in preferences file '/usr/share/plank/themes/Transparent/dock.theme' - using default value
[93m[WARN 17:02:19.950700][0m [Preferences:378] Missing key 'FillStartColor' for group 'PlankTheme' in preferences file '/usr/share/plank/themes/Transparent/dock.theme' - using default value
[93m[WARN 17:02:19.950713][0m [Preferences:378] Missing key 'FillEndColor' for group 'PlankTheme' in preferences file '/usr/share/plank/themes/Transparent/dock.theme' - using default value
[93m[WARN 17:02:19.950726][0m [Preferences:378] Missing key 'InnerStrokeColor' for group 'PlankTheme' in preferences file '/usr/share/plank/themes/Transparent/dock.theme' - using default value
[93m[WARN 17:02:19.950739][0m [Preferences:378] Missing key 'HorizPadding' for group 'PlankDockTheme' in preferences file '/usr/share/plank/themes/Transparent/dock.theme' - using default value
[93m[WARN 17:02:19.950761][0m [Preferences:378] Missing key 'ItemPadding' for group 'PlankDockTheme' in preferences file '/usr/share/plank/themes/Transparent/dock.theme' - using default value
[93m[WARN 17:02:19.950774][0m [Preferences:378] Missing key 'IndicatorSize' for group 'PlankDockTheme' in preferences file '/usr/share/plank/themes/Transparent/dock.theme' - using default value
[93m[WARN 17:02:19.950786][0m [Preferences:378] Missing key 'IconShadowSize' for group 'PlankDockTheme' in preferences file '/usr/share/plank/themes/Transparent/dock.theme' - using default value
[93m[WARN 17:02:19.950799][0m [Preferences:378] Missing key 'UrgentBounceHeight' for group 'PlankDockTheme' in preferences file '/usr/share/plank/themes/Transparent/dock.theme' - using default value
[93m[WARN 17:02:19.950811][0m [Preferences:378] Missing key 'LaunchBounceHeight' for group 'PlankDockTheme' in preferences file '/usr/share/plank/themes/Transparent/dock.theme' - using default value
[93m[WARN 17:02:19.950823][0m [Preferences:378] Missing key 'FadeOpacity' for group 'PlankDockTheme' in preferences file '/usr/share/plank/themes/Transparent/dock.theme' - using default value
[93m[WARN 17:02:19.950835][0m [Preferences:378] Missing key 'ClickTime' for group 'PlankDockTheme' in preferences file '/usr/share/plank/themes/Transparent/dock.theme' - using default value
[93m[WARN 17:02:19.950848][0m [Preferences:378] Missing key 'UrgentBounceTime' for group 'PlankDockTheme' in preferences file '/usr/share/plank/themes/Transparent/dock.theme' - using default value
[93m[WARN 17:02:19.950861][0m [Preferences:378] Missing key 'LaunchBounceTime' for group 'PlankDockTheme' in preferences file '/usr/share/plank/themes/Transparent/dock.theme' - using default value
[93m[WARN 17:02:19.950873][0m [Preferences:378] Missing key 'ActiveTime' for group 'PlankDockTheme' in preferences file '/usr/share/plank/themes/Transparent/dock.theme' - using default value
[93m[WARN 17:02:19.950885][0m [Preferences:378] Missing key 'SlideTime' for group 'PlankDockTheme' in preferences file '/usr/share/plank/themes/Transparent/dock.theme' - using default value
[93m[WARN 17:02:19.950902][0m [Preferences:378] Missing key 'FadeTime' for group 'PlankDockTheme' in preferences file '/usr/share/plank/themes/Transparent/dock.theme' - using default value
[93m[WARN 17:02:19.950914][0m [Preferences:378] Missing key 'HideTime' for group 'PlankDockTheme' in preferences file '/usr/share/plank/themes/Transparent/dock.theme' - using default value
[93m[WARN 17:02:19.950926][0m [Preferences:378] Missing key 'GlowSize' for group 'PlankDockTheme' in preferences file '/usr/share/plank/themes/Transparent/dock.theme' - using default value
[93m[WARN 17:02:19.950939][0m [Preferences:378] Missing key 'GlowTime' for group 'PlankDockTheme' in preferences file '/usr/share/plank/themes/Transparent/dock.theme' - using default value
[93m[WARN 17:02:19.950951][0m [Preferences:378] Missing key 'GlowPulseTime' for group 'PlankDockTheme' in preferences file '/usr/share/plank/themes/Transparent/dock.theme' - using default value
[93m[WARN 17:02:19.950986][0m [Preferences:378] Missing key 'UrgentHueShift' for group 'PlankDockTheme' in preferences file '/usr/share/plank/themes/Transparent/dock.theme' - using default value
[93m[WARN 17:02:19.950998][0m [Preferences:378] Missing key 'ItemMoveTime' for group 'PlankDockTheme' in preferences file '/usr/share/plank/themes/Transparent/dock.theme' - using default value
[93m[WARN 17:02:19.951010][0m [Preferences:378] Missing key 'CascadeHide' for group 'PlankDockTheme' in preferences file '/usr/share/plank/themes/Transparent/dock.theme' - using default value
[93m[WARN 17:02:19.951022][0m [Preferences:378] Missing key 'BadgeColor' for group 'PlankDockTheme' in preferences file '/usr/share/plank/themes/Transparent/dock.theme' - using default value
[93m[WARN 17:02:23.925134][0m [AbstractMain:42] Caught signal (15), exiting
[93m[WARN 17:03:17.301805][0m [Preferences:192] '/usr/share/plank/themes/Transparent/dock.theme' is read-only!
[93m[WARN 17:03:17.301886][0m [Preferences:378] Missing key 'OuterStrokeColor' for group 'PlankTheme' in preferences file '/usr/share/plank/themes/Transparent/dock.theme' - using default value
[93m[WARN 17:03:17.301900][0m [Preferences:378] Missing key 'FillStartColor' for group 'PlankTheme' in preferences file '/usr/share/plank/themes/Transparent/dock.theme' - using default value
[93m[WARN 17:03:17.301914][0m [Preferences:378] Missing key 'FillEndColor' for group 'PlankTheme' in preferences file '/usr/share/plank/themes/Transparent/dock.theme' - using default value
[93m[WARN 17:03:17.301926][0m [Preferences:378] Missing key 'InnerStrokeColor' for group 'PlankTheme' in preferences file '/usr/share/plank/themes/Transparent/dock.theme' - using default value
[93m[WARN 17:03:17.301938][0m [Preferences:378] Missing key 'HorizPadding' for group 'PlankDockTheme' in preferences file '/usr/share/plank/themes/Transparent/dock.theme' - using default value
[93m[WARN 17:03:17.301960][0m [Preferences:378] Missing key 'ItemPadding' for group 'PlankDockTheme' in preferences file '/usr/share/plank/themes/Transparent/dock.theme' - using default value
[93m[WARN 17:03:17.301973][0m [Preferences:378] Missing key 'IndicatorSize' for group 'PlankDockTheme' in preferences file '/usr/share/plank/themes/Transparent/dock.theme' - using default value
[93m[WARN 17:03:17.301986][0m [Preferences:378] Missing key 'IconShadowSize' for group 'PlankDockTheme' in preferences file '/usr/share/plank/themes/Transparent/dock.theme' - using default value
[93m[WARN 17:03:17.301999][0m [Preferences:378] Missing key 'UrgentBounceHeight' for group 'PlankDockTheme' in preferences file '/usr/share/plank/themes/Transparent/dock.theme' - using default value
[93m[WARN 17:03:17.302011][0m [Preferences:378] Missing key 'LaunchBounceHeight' for group 'PlankDockTheme' in preferences file '/usr/share/plank/themes/Transparent/dock.theme' - using default value
[93m[WARN 17:03:17.302023][0m [Preferences:378] Missing key 'FadeOpacity' for group 'PlankDockTheme' in preferences file '/usr/share/plank/themes/Transparent/dock.theme' - using default value
[93m[WARN 17:03:17.302036][0m [Preferences:378] Missing key 'ClickTime' for group 'PlankDockTheme' in preferences file '/usr/share/plank/themes/Transparent/dock.theme' - using default value
[93m[WARN 17:03:17.302048][0m [Preferences:378] Missing key 'UrgentBounceTime' for group 'PlankDockTheme' in preferences file '/usr/share/plank/themes/Transparent/dock.theme' - using default value
[93m[WARN 17:03:17.302061][0m [Preferences:378] Missing key 'LaunchBounceTime' for group 'PlankDockTheme' in preferences file '/usr/share/plank/themes/Transparent/dock.theme' - using default value
[93m[WARN 17:03:17.302073][0m [Preferences:378] Missing key 'ActiveTime' for group 'PlankDockTheme' in preferences file '/usr/share/plank/themes/Transparent/dock.theme' - using default value
[93m[WARN 17:03:17.302085][0m [Preferences:378] Missing key 'SlideTime' for group 'PlankDockTheme' in preferences file '/usr/share/plank/themes/Transparent/dock.theme' - using default value
[93m[WARN 17:03:17.302097][0m [Preferences:378] Missing key 'FadeTime' for group 'PlankDockTheme' in preferences file '/usr/share/plank/themes/Transparent/dock.theme' - using default value
[93m[WARN 17:03:17.302110][0m [Preferences:378] Missing key 'HideTime' for group 'PlankDockTheme' in preferences file '/usr/share/plank/themes/Transparent/dock.theme' - using default value
[93m[WARN 17:03:17.302122][0m [Preferences:378] Missing key 'GlowSize' for group 'PlankDockTheme' in preferences file '/usr/share/plank/themes/Transparent/dock.theme' - using default value
[93m[WARN 17:03:17.302134][0m [Preferences:378] Missing key 'GlowTime' for group 'PlankDockTheme' in preferences file '/usr/share/plank/themes/Transparent/dock.theme' - using default value
[93m[WARN 17:03:17.302146][0m [Preferences:378] Missing key 'GlowPulseTime' for group 'PlankDockTheme' in preferences file '/usr/share/plank/themes/Transparent/dock.theme' - using default value
[93m[WARN 17:03:17.302181][0m [Preferences:378] Missing key 'UrgentHueShift' for group 'PlankDockTheme' in preferences file '/usr/share/plank/themes/Transparent/dock.theme' - using default value
[93m[WARN 17:03:17.302195][0m [Preferences:378] Missing key 'ItemMoveTime' for group 'PlankDockTheme' in preferences file '/usr/share/plank/themes/Transparent/dock.theme' - using default value
[93m[WARN 17:03:17.302207][0m [Preferences:378] Missing key 'CascadeHide' for group 'PlankDockTheme' in preferences file '/usr/share/plank/themes/Transparent/dock.theme' - using default value
[93m[WARN 17:03:17.302219][0m [Preferences:378] Missing key 'BadgeColor' for group 'PlankDockTheme' in preferences file '/usr/share/plank/themes/Transparent/dock.theme' - using default value
[93m[WARN 17:04:49.828358][0m [Preferences:192] '/usr/share/plank/themes/Matte/dock.theme' is read-only!
[93m[WARN 17:04:49.828633][0m [Preferences:378] Missing key 'TopRoundness' for group 'PlankTheme' in preferences file '/usr/share/plank/themes/Matte/dock.theme' - using default value
[93m[WARN 17:04:49.828687][0m [Preferences:378] Missing key 'BottomRoundness' for group 'PlankTheme' in preferences file '/usr/share/plank/themes/Matte/dock.theme' - using default value
[93m[WARN 17:04:49.828734][0m [Preferences:378] Missing key 'LineWidth' for group 'PlankTheme' in preferences file '/usr/share/plank/themes/Matte/dock.theme' - using default value
[93m[WARN 17:04:49.828779][0m [Preferences:378] Missing key 'OuterStrokeColor' for group 'PlankTheme' in preferences file '/usr/share/plank/themes/Matte/dock.theme' - using default value
[93m[WARN 17:04:49.828824][0m [Preferences:378] Missing key 'FillStartColor' for group 'PlankTheme' in preferences file '/usr/share/plank/themes/Matte/dock.theme' - using default value
[93m[WARN 17:04:49.828869][0m [Preferences:378] Missing key 'FillEndColor' for group 'PlankTheme' in preferences file '/usr/share/plank/themes/Matte/dock.theme' - using default value
[93m[WARN 17:04:49.828913][0m [Preferences:378] Missing key 'InnerStrokeColor' for group 'PlankTheme' in preferences file '/usr/share/plank/themes/Matte/dock.theme' - using default value
[93m[WARN 17:04:49.829004][0m [Preferences:378] Missing key 'ItemPadding' for group 'PlankDockTheme' in preferences file '/usr/share/plank/themes/Matte/dock.theme' - using default value
[93m[WARN 17:04:49.829052][0m [Preferences:378] Missing key 'IndicatorSize' for group 'PlankDockTheme' in preferences file '/usr/share/plank/themes/Matte/dock.theme' - using default value
[93m[WARN 17:04:49.829115][0m [Preferences:378] Missing key 'UrgentBounceHeight' for group 'PlankDockTheme' in preferences file '/usr/share/plank/themes/Matte/dock.theme' - using default value
[93m[WARN 17:04:49.829160][0m [Preferences:378] Missing key 'LaunchBounceHeight' for group 'PlankDockTheme' in preferences file '/usr/share/plank/themes/Matte/dock.theme' - using default value
[93m[WARN 17:04:49.829204][0m [Preferences:378] Missing key 'FadeOpacity' for group 'PlankDockTheme' in preferences file '/usr/share/plank/themes/Matte/dock.theme' - using default value
[93m[WARN 17:04:49.829248][0m [Preferences:378] Missing key 'ClickTime' for group 'PlankDockTheme' in preferences file '/usr/share/plank/themes/Matte/dock.theme' - using default value
[93m[WARN 17:04:49.829292][0m [Preferences:378] Missing key 'UrgentBounceTime' for group 'PlankDockTheme' in preferences file '/usr/share/plank/themes/Matte/dock.theme' - using default value
[93m[WARN 17:04:49.829335][0m [Preferences:378] Missing key 'LaunchBounceTime' for group 'PlankDockTheme' in preferences file '/usr/share/plank/themes/Matte/dock.theme' - using default value
[93m[WARN 17:04:49.829378][0m [Preferences:378] Missing key 'ActiveTime' for group 'PlankDockTheme' in preferences file '/usr/share/plank/themes/Matte/dock.theme' - using default value
[93m[WARN 17:04:49.829422][0m [Preferences:378] Missing key 'SlideTime' for group 'PlankDockTheme' in preferences file '/usr/share/plank/themes/Matte/dock.theme' - using default value
[93m[WARN 17:04:49.829522][0m [Preferences:378] Missing key 'FadeTime' for group 'PlankDockTheme' in preferences file '/usr/share/plank/themes/Matte/dock.theme' - using default value
[93m[WARN 17:04:49.829557][0m [Preferences:378] Missing key 'HideTime' for group 'PlankDockTheme' in preferences file '/usr/share/plank/themes/Matte/dock.theme' - using default value
[93m[WARN 17:04:49.829589][0m [Preferences:378] Missing key 'GlowSize' for group 'PlankDockTheme' in preferences file '/usr/share/plank/themes/Matte/dock.theme' - using default value
[93m[WARN 17:04:49.829621][0m [Preferences:378] Missing key 'GlowTime' for group 'PlankDockTheme' in preferences file '/usr/share/plank/themes/Matte/dock.theme' - using default value
[93m[WARN 17:04:49.829653][0m [Preferences:378] Missing key 'GlowPulseTime' for group 'PlankDockTheme' in preferences file '/usr/share/plank/themes/Matte/dock.theme' - using default value
[93m[WARN 17:04:49.829685][0m [Preferences:378] Missing key 'UrgentHueShift' for group 'PlankDockTheme' in preferences file '/usr/share/plank/themes/Matte/dock.theme' - using default value
[93m[WARN 17:04:49.829718][0m [Preferences:378] Missing key 'ItemMoveTime' for group 'PlankDockTheme' in preferences file '/usr/share/plank/themes/Matte/dock.theme' - using default value
[93m[WARN 17:04:49.829767][0m [Preferences:378] Missing key 'BadgeColor' for group 'PlankDockTheme' in preferences file '/usr/share/plank/themes/Matte/dock.theme' - using default value
[93m[WARN 17:04:52.059268][0m [Theme:508] Currently selected gtk+ theme 'Vimix-Dark-Laptop' does not provide a dock theme, fallback to the built-in defaults!
[93m[WARN 17:04:54.540661][0m [Preferences:192] '/usr/share/plank/themes/Default/dock.theme' is read-only!
[93m[WARN 17:04:56.272896][0m [Preferences:192] '/usr/share/plank/themes/Adapta/dock.theme' is read-only!
[93m[WARN 17:04:56.273254][0m [Preferences:378] Missing key 'BadgeColor' for group 'PlankDockTheme' in preferences file '/usr/share/plank/themes/Adapta/dock.theme' - using default value
[93m[WARN 17:04:59.496946][0m [Preferences:192] '/usr/share/plank/themes/Transparent/dock.theme' is read-only!
[93m[WARN 17:04:59.497122][0m [Preferences:378] Missing key 'OuterStrokeColor' for group 'PlankTheme' in preferences file '/usr/share/plank/themes/Transparent/dock.theme' - using default value
[93m[WARN 17:04:59.497149][0m [Preferences:378] Missing key 'FillStartColor' for group 'PlankTheme' in preferences file '/usr/share/plank/themes/Transparent/dock.theme' - using default value
[93m[WARN 17:04:59.497170][0m [Preferences:378] Missing key 'FillEndColor' for group 'PlankTheme' in preferences file '/usr/share/plank/themes/Transparent/dock.theme' - using default value
[93m[WARN 17:04:59.497190][0m [Preferences:378] Missing key 'InnerStrokeColor' for group 'PlankTheme' in preferences file '/usr/share/plank/themes/Transparent/dock.theme' - using default value
[93m[WARN 17:04:59.497209][0m [Preferences:378] Missing key 'HorizPadding' for group 'PlankDockTheme' in preferences file '/usr/share/plank/themes/Transparent/dock.theme' - using default value
[93m[WARN 17:04:59.497244][0m [Preferences:378] Missing key 'ItemPadding' for group 'PlankDockTheme' in preferences file '/usr/share/plank/themes/Transparent/dock.theme' - using default value
[93m[WARN 17:04:59.497265][0m [Preferences:378] Missing key 'IndicatorSize' for group 'PlankDockTheme' in preferences file '/usr/share/plank/themes/Transparent/dock.theme' - using default value
[93m[WARN 17:04:59.497284][0m [Preferences:378] Missing key 'IconShadowSize' for group 'PlankDockTheme' in preferences file '/usr/share/plank/themes/Transparent/dock.theme' - using default value
[93m[WARN 17:04:59.497303][0m [Preferences:378] Missing key 'UrgentBounceHeight' for group 'PlankDockTheme' in preferences file '/usr/share/plank/themes/Transparent/dock.theme' - using default value
[93m[WARN 17:04:59.497322][0m [Preferences:378] Missing key 'LaunchBounceHeight' for group 'PlankDockTheme' in preferences file '/usr/share/plank/themes/Transparent/dock.theme' - using default value
[93m[WARN 17:04:59.497368][0m [Preferences:378] Missing key 'FadeOpacity' for group 'PlankDockTheme' in preferences file '/usr/share/plank/themes/Transparent/dock.theme' - using default value
[93m[WARN 17:04:59.497388][0m [Preferences:378] Missing key 'ClickTime' for group 'PlankDockTheme' in preferences file '/usr/share/plank/themes/Transparent/dock.theme' - using default value
[93m[WARN 17:04:59.497406][0m [Preferences:378] Missing key 'UrgentBounceTime' for group 'PlankDockTheme' in preferences file '/usr/share/plank/themes/Transparent/dock.theme' - using default value
[93m[WARN 17:04:59.497425][0m [Preferences:378] Missing key 'LaunchBounceTime' for group 'PlankDockTheme' in preferences file '/usr/share/plank/themes/Transparent/dock.theme' - using default value
[93m[WARN 17:04:59.497444][0m [Preferences:378] Missing key 'ActiveTime' for group 'PlankDockTheme' in preferences file '/usr/share/plank/themes/Transparent/dock.theme' - using default value
[93m[WARN 17:04:59.497462][0m [Preferences:378] Missing key 'SlideTime' for group 'PlankDockTheme' in preferences file '/usr/share/plank/themes/Transparent/dock.theme' - using default value
[93m[WARN 17:04:59.497480][0m [Preferences:378] Missing key 'FadeTime' for group 'PlankDockTheme' in preferences file '/usr/share/plank/themes/Transparent/dock.theme' - using default value
[93m[WARN 17:04:59.497498][0m [Preferences:378] Missing key 'HideTime' for group 'PlankDockTheme' in preferences file '/usr/share/plank/themes/Transparent/dock.theme' - using default value
[93m[WARN 17:04:59.497517][0m [Preferences:378] Missing key 'GlowSize' for group 'PlankDockTheme' in preferences file '/usr/share/plank/themes/Transparent/dock.theme' - using default value
[93m[WARN 17:04:59.497546][0m [Preferences:378] Missing key 'GlowTime' for group 'PlankDockTheme' in preferences file '/usr/share/plank/themes/Transparent/dock.theme' - using default value
[93m[WARN 17:04:59.497567][0m [Preferences:378] Missing key 'GlowPulseTime' for group 'PlankDockTheme' in preferences file '/usr/share/plank/themes/Transparent/dock.theme' - using default value
[93m[WARN 17:04:59.497596][0m [Preferences:378] Missing key 'UrgentHueShift' for group 'PlankDockTheme' in preferences file '/usr/share/plank/themes/Transparent/dock.theme' - using default value
[93m[WARN 17:04:59.497616][0m [Preferences:378] Missing key 'ItemMoveTime' for group 'PlankDockTheme' in preferences file '/usr/share/plank/themes/Transparent/dock.theme' - using default value
[93m[WARN 17:04:59.497634][0m [Preferences:378] Missing key 'CascadeHide' for group 'PlankDockTheme' in preferences file '/usr/share/plank/themes/Transparent/dock.theme' - using default value
[93m[WARN 17:04:59.497653][0m [Preferences:378] Missing key 'BadgeColor' for group 'PlankDockTheme' in preferences file '/usr/share/plank/themes/Transparent/dock.theme' - using default value
[91m[CRITICAL 17:05:34.391857][0m [DockWindow:298] Retry #1 update_size_and_position() to force requested values!
[91m[CRITICAL 17:06:14.274468][0m [DockWindow:298] Retry #1 update_size_and_position() to force requested values!
[91m[CRITICAL 17:06:15.235631][0m [DockWindow:298] Retry #1 update_size_and_position() to force requested values!
[91m[CRITICAL 17:06:15.634317][0m [DockWindow:298] Retry #1 update_size_and_position() to force requested values!
[91m[CRITICAL 17:06:17.241768][0m [DockWindow:298] Retry #1 update_size_and_position() to force requested values!
[91m[CRITICAL 17:06:17.321504][0m [DockWindow:298] Retry #1 update_size_and_position() to force requested values!
[91m[CRITICAL 17:06:17.875567][0m [DockWindow:298] Retry #1 update_size_and_position() to force requested values!
[91m[CRITICAL 17:06:18.074408][0m [DockWindow:298] Retry #1 update_size_and_position() to force requested values!
[91m[CRITICAL 17:06:18.233708][0m [DockWindow:298] Retry #1 update_size_and_position() to force requested values!
[91m[C